<?xml version="1.0" encoding="UTF-8" ?>
<testsuite errors="0" failures="1" hostname="nata-PC" name="UserControllerPackage.UserControllerTests" tests="1" time="0.473" timestamp="2012-10-16T10:06:47">
  <properties />
  <testcase classname="UserControllerPackage.UserControllerTests" name="testSomething" time="0.293">
    <failure message="junit.framework.AssertionFailedError: Implement me" type="junit.framework.AssertionFailedError">junit.framework.AssertionFailedError: junit.framework.AssertionFailedError: Implement me
	at UserControllerPackage.UserControllerTests.testSomething(UserControllerTests.groovy:15)
</failure>
  </testcase>
  <system-out><![CDATA[--Output from testSomething--
]]></system-out>
  <system-err><![CDATA[--Output from testSomething--
]]></system-err>
</testsuite>
