<?xml version="1.0" encoding="UTF-8" ?>
<testsuite errors="0" failures="1" hostname="nata-PC" name="IssueStatusPackage.IssueStatusTests" tests="1" time="0.251" timestamp="2012-10-16T10:06:44">
  <properties />
  <testcase classname="IssueStatusPackage.IssueStatusTests" name="testSomething" time="0.084">
    <failure message="junit.framework.AssertionFailedError: Implement me" type="junit.framework.AssertionFailedError">junit.framework.AssertionFailedError: junit.framework.AssertionFailedError: Implement me
	at IssueStatusPackage.IssueStatusTests.testSomething(IssueStatusTests.groovy:15)
</failure>
  </testcase>
  <system-out><![CDATA[--Output from testSomething--
]]></system-out>
  <system-err><![CDATA[--Output from testSomething--
]]></system-err>
</testsuite>
