<?xml version="1.0" encoding="UTF-8" ?>
<testsuite errors="0" failures="1" hostname="nata-PC" name="CommentPackage.CommentTests" tests="1" time="1.086" timestamp="2012-10-16T10:06:40">
  <properties />
  <testcase classname="CommentPackage.CommentTests" name="testSomething" time="0.748">
    <failure message="junit.framework.AssertionFailedError: Implement me" type="junit.framework.AssertionFailedError">junit.framework.AssertionFailedError: junit.framework.AssertionFailedError: Implement me
	at CommentPackage.CommentTests.testSomething(CommentTests.groovy:15)
</failure>
  </testcase>
  <system-out><![CDATA[--Output from testSomething--
]]></system-out>
  <system-err><![CDATA[--Output from testSomething--
]]></system-err>
</testsuite>
