<?xml version="1.0" encoding="UTF-8" ?>
<testsuite errors="0" failures="1" hostname="nata-PC" name="IssuePackage.IssueTests" tests="1" time="0.433" timestamp="2012-10-16T10:06:43">
  <properties />
  <testcase classname="IssuePackage.IssueTests" name="testSomething" time="0.273">
    <failure message="junit.framework.AssertionFailedError: Implement me" type="junit.framework.AssertionFailedError">junit.framework.AssertionFailedError: junit.framework.AssertionFailedError: Implement me
	at IssuePackage.IssueTests.testSomething(IssueTests.groovy:15)
</failure>
  </testcase>
  <system-out><![CDATA[--Output from testSomething--
]]></system-out>
  <system-err><![CDATA[--Output from testSomething--
]]></system-err>
</testsuite>
