<?xml version="1.0" encoding="UTF-8" ?>
<testsuite errors="0" failures="1" hostname="nata-PC" name="UserPackage.UserTests" tests="1" time="0.094" timestamp="2012-10-16T10:06:47">
  <properties />
  <testcase classname="UserPackage.UserTests" name="testSomething" time="0.091">
    <failure message="junit.framework.AssertionFailedError: Implement me" type="junit.framework.AssertionFailedError">junit.framework.AssertionFailedError: junit.framework.AssertionFailedError: Implement me
	at UserPackage.UserTests.testSomething(UserTests.groovy:15)
</failure>
  </testcase>
  <system-out><![CDATA[--Output from testSomething--
]]></system-out>
  <system-err><![CDATA[--Output from testSomething--
]]></system-err>
</testsuite>
