<?xml version="1.0" encoding="UTF-8" ?>
<testsuite errors="0" failures="1" hostname="nata-PC" name="ProjectPackage.ProjectTests" tests="1" time="0.336" timestamp="2012-10-16T10:06:46">
  <properties />
  <testcase classname="ProjectPackage.ProjectTests" name="testSomething" time="0.089">
    <failure message="junit.framework.AssertionFailedError: Implement me" type="junit.framework.AssertionFailedError">junit.framework.AssertionFailedError: junit.framework.AssertionFailedError: Implement me
	at ProjectPackage.ProjectTests.testSomething(ProjectTests.groovy:15)
</failure>
  </testcase>
  <system-out><![CDATA[--Output from testSomething--
]]></system-out>
  <system-err><![CDATA[--Output from testSomething--
]]></system-err>
</testsuite>
