<?xml version="1.0" encoding="UTF-8" ?>
<testsuite errors="0" failures="1" hostname="nata-PC" name="ProjectControllerPackage.ProjectControllerTests" tests="1" time="0.422" timestamp="2012-10-16T10:06:45">
  <properties />
  <testcase classname="ProjectControllerPackage.ProjectControllerTests" name="testSomething" time="0.286">
    <failure message="junit.framework.AssertionFailedError: Implement me" type="junit.framework.AssertionFailedError">junit.framework.AssertionFailedError: junit.framework.AssertionFailedError: Implement me
	at ProjectControllerPackage.ProjectControllerTests.testSomething(ProjectControllerTests.groovy:15)
</failure>
  </testcase>
  <system-out><![CDATA[--Output from testSomething--
]]></system-out>
  <system-err><![CDATA[--Output from testSomething--
]]></system-err>
</testsuite>
